-------------------------------------------------------------------------------
Test set: com.toni.recipe.services.RecipeServiceImplTest
-------------------------------------------------------------------------------
Tests run: 1, Failures: 0, Errors: 1, Skipped: 0, Time elapsed: 0.173 sec <<< FAILURE! - in com.toni.recipe.services.RecipeServiceImplTest
getRecipes(com.toni.recipe.services.RecipeServiceImplTest)  Time elapsed: 0.164 sec  <<< ERROR!
java.lang.NullPointerException: null
	at com.toni.recipe.services.RecipeServiceImpl.getRecipes(RecipeServiceImpl.java:25)
	at com.toni.recipe.services.RecipeServiceImplTest.getRecipes(RecipeServiceImplTest.java:37)

