<?xml version="1.0" encoding="UTF-8"?>
<testsuite name="com.toni.recipe.services.RecipeServiceImplTest" time="0.164" tests="1" errors="1" skipped="0" failures="0">
  <properties>
[...]
</properties>
  <testcase name="getRecipes" classname="com.toni.recipe.services.RecipeServiceImplTest" time="0.164">
    <error type="java.lang.NullPointerException:">java.lang.NullPointerException: null
	at com.toni.recipe.services.RecipeServiceImpl.getRecipes(RecipeServiceImpl.java:25)
	at com.toni.recipe.services.RecipeServiceImplTest.getRecipes(RecipeServiceImplTest.java:37)
</error>
    <system-out><![CDATA[18:23:52.706 [main] DEBUG org.springframework.test.context.junit4.SpringJUnit4ClassRunner - SpringJUnit4ClassRunner constructor called with [class com.toni.recipe.RecipeApplicationTests]
18:23:52.714 [main] DEBUG org.springframework.test.context.BootstrapUtils - Instantiating CacheAwareContextLoaderDelegate from class [org.springframework.test.context.cache.DefaultCacheAwareContextLoaderDelegate]
18:23:52.728 [main] DEBUG org.springframework.test.context.BootstrapUtils - Instantiating BootstrapContext using constructor [public org.springframework.test.context.support.DefaultBootstrapContext(java.lang.Class,org.springframework.test.context.CacheAwareContextLoaderDelegate)]
18:23:52.758 [main] DEBUG org.springframework.test.context.BootstrapUtils - Instantiating TestContextBootstrapper for test class [com.toni.recipe.RecipeApplicationTests] from class [org.springframework.boot.test.context.SpringBootTestContextBootstrapper]
18:23:52.777 [main] INFO org.springframework.boot.test.context.SpringBootTestContextBootstrapper - Neither @ContextConfiguration nor @ContextHierarchy found for test class [com.toni.recipe.RecipeApplicationTests], using SpringBootContextLoader
18:23:52.782 [main] DEBUG org.springframework.test.context.support.AbstractContextLoader - Did not detect default resource location for test class [com.toni.recipe.RecipeApplicationTests]: class path resource [com/toni/recipe/RecipeApplicationTests-context.xml] does not exist
18:23:52.783 [main] DEBUG org.springframework.test.context.support.AbstractContextLoader - Did not detect default resource location for test class [com.toni.recipe.RecipeApplicationTests]: class path resource [com/toni/recipe/RecipeApplicationTestsContext.groovy] does not exist
18:23:52.783 [main] INFO org.springframework.test.context.support.AbstractContextLoader - Could not detect default resource locations for test class [com.toni.recipe.RecipeApplicationTests]: no resource found for suffixes {-context.xml, Context.groovy}.
18:23:52.785 [main] INFO org.springframework.test.context.support.AnnotationConfigContextLoaderUtils - Could not detect default configuration classes for test class [com.toni.recipe.RecipeApplicationTests]: RecipeApplicationTests does not declare any static, non-private, non-final, nested classes annotated with @Configuration.
18:23:52.843 [main] DEBUG org.springframework.test.context.support.ActiveProfilesUtils - Could not find an 'annotation declaring class' for annotation type [org.springframework.test.context.ActiveProfiles] and class [com.toni.recipe.RecipeApplicationTests]
18:23:52.855 [main] DEBUG org.springframework.core.env.StandardEnvironment - Adding PropertySource 'systemProperties' with lowest search precedence
18:23:52.857 [main] DEBUG org.springframework.core.env.StandardEnvironment - Adding PropertySource 'systemEnvironment' with lowest search precedence
18:23:52.863 [main] DEBUG org.springframework.core.env.StandardEnvironment - Initialized StandardEnvironment with PropertySources [MapPropertySource@242355057 {name='systemProperties', properties={java.runtime.name=Java(TM) SE Runtime Environment, sun.boot.library.path=/usr/lib/jvm/jdk1.8.0_231/jre/lib/amd64, java.vm.version=25.231-b11, java.vm.vendor=Oracle Corporation, java.vendor.url=http://java.oracle.com/, path.separator=:, java.vm.name=Java HotSpot(TM) 64-Bit Server VM, file.encoding.pkg=sun.io, user.country=ES, sun.java.launcher=SUN_STANDARD, sun.os.patch.level=unknown, java.vm.specification.name=Java Virtual Machine Specification, user.dir=/home/toni/eclipse-workspace/recipe, java.runtime.version=1.8.0_231-b11, basedir=/home/toni/eclipse-workspace/recipe, java.awt.graphicsenv=sun.awt.X11GraphicsEnvironment, java.endorsed.dirs=/usr/lib/jvm/jdk1.8.0_231/jre/lib/endorsed, os.arch=amd64, surefire.real.class.path=/home/toni/eclipse-workspace/recipe/target/surefire/surefirebooter2505397204955252172.jar, java.io.tmpdir=/tmp, line.separator=
, java.vm.specification.vendor=Oracle Corporation, os.name=Linux, sun.jnu.encoding=UTF-8, java.library.path=/usr/java/packages/lib/amd64:/usr/lib64:/lib64:/lib:/usr/lib, surefire.test.class.path=/home/toni/eclipse-workspace/recipe/target/test-classes:/home/toni/eclipse-workspace/recipe/target/classes:/home/toni/.m2/repository/org/springframework/boot/spring-boot-starter-data-jpa/1.5.7.RELEASE/spring-boot-starter-data-jpa-1.5.7.RELEASE.jar:/home/toni/.m2/repository/org/springframework/boot/spring-boot-starter/1.5.7.RELEASE/spring-boot-starter-1.5.7.RELEASE.jar:/home/toni/.m2/repository/org/springframework/boot/spring-boot-starter-logging/1.5.7.RELEASE/spring-boot-starter-logging-1.5.7.RELEASE.jar:/home/toni/.m2/repository/ch/qos/logback/logback-classic/1.1.11/logback-classic-1.1.11.jar:/home/toni/.m2/repository/ch/qos/logback/logback-core/1.1.11/logback-core-1.1.11.jar:/home/toni/.m2/repository/org/slf4j/jul-to-slf4j/1.7.25/jul-to-slf4j-1.7.25.jar:/home/toni/.m2/repository/org/slf4j/log4j-over-slf4j/1.7.25/log4j-over-slf4j-1.7.25.jar:/home/toni/.m2/repository/org/yaml/snakeyaml/1.17/snakeyaml-1.17.jar:/home/toni/.m2/repository/org/springframework/boot/spring-boot-starter-aop/1.5.7.RELEASE/spring-boot-starter-aop-1.5.7.RELEASE.jar:/home/toni/.m2/repository/org/springframework/spring-aop/4.3.11.RELEASE/spring-aop-4.3.11.RELEASE.jar:/home/toni/.m2/repository/org/aspectj/aspectjweaver/1.8.10/aspectjweaver-1.8.10.jar:/home/toni/.m2/repository/org/springframework/boot/spring-boot-starter-jdbc/1.5.7.RELEASE/spring-boot-starter-jdbc-1.5.7.RELEASE.jar:/home/toni/.m2/repository/org/apache/tomcat/tomcat-jdbc/8.5.20/tomcat-jdbc-8.5.20.jar:/home/toni/.m2/repository/org/apache/tomcat/tomcat-juli/8.5.20/tomcat-juli-8.5.20.jar:/home/toni/.m2/repository/org/springframework/spring-jdbc/4.3.11.RELEASE/spring-jdbc-4.3.11.RELEASE.jar:/home/toni/.m2/repository/org/hibernate/hibernate-core/5.0.12.Final/hibernate-core-5.0.12.Final.jar:/home/toni/.m2/repository/org/jboss/logging/jboss-logging/3.3.1.Final/jboss-logging-3.3.1.Final.jar:/home/toni/.m2/repository/org/hibernate/javax/persistence/hibernate-jpa-2.1-api/1.0.0.Final/hibernate-jpa-2.1-api-1.0.0.Final.jar:/home/toni/.m2/repository/org/javassist/javassist/3.21.0-GA/javassist-3.21.0-GA.jar:/home/toni/.m2/repository/antlr/antlr/2.7.7/antlr-2.7.7.jar:/home/toni/.m2/repository/org/jboss/jandex/2.0.0.Final/jandex-2.0.0.Final.jar:/home/toni/.m2/repository/dom4j/dom4j/1.6.1/dom4j-1.6.1.jar:/home/toni/.m2/repository/org/hibernate/common/hibernate-commons-annotations/5.0.1.Final/hibernate-commons-annotations-5.0.1.Final.jar:/home/toni/.m2/repository/org/hibernate/hibernate-entitymanager/5.0.12.Final/hibernate-entitymanager-5.0.12.Final.jar:/home/toni/.m2/repository/javax/transaction/javax.transaction-api/1.2/javax.transaction-api-1.2.jar:/home/toni/.m2/repository/org/springframework/data/spring-data-jpa/1.11.7.RELEASE/spring-data-jpa-1.11.7.RELEASE.jar:/home/toni/.m2/repository/org/springframework/data/spring-data-commons/1.13.7.RELEASE/spring-data-commons-1.13.7.RELEASE.jar:/home/toni/.m2/repository/org/springframework/spring-orm/4.3.11.RELEASE/spring-orm-4.3.11.RELEASE.jar:/home/toni/.m2/repository/org/springframework/spring-context/4.3.11.RELEASE/spring-context-4.3.11.RELEASE.jar:/home/toni/.m2/repository/org/springframework/spring-tx/4.3.11.RELEASE/spring-tx-4.3.11.RELEASE.jar:/home/toni/.m2/repository/org/springframework/spring-beans/4.3.11.RELEASE/spring-beans-4.3.11.RELEASE.jar:/home/toni/.m2/repository/org/slf4j/slf4j-api/1.7.25/slf4j-api-1.7.25.jar:/home/toni/.m2/repository/org/slf4j/jcl-over-slf4j/1.7.25/jcl-over-slf4j-1.7.25.jar:/home/toni/.m2/repository/org/springframework/spring-aspects/4.3.11.RELEASE/spring-aspects-4.3.11.RELEASE.jar:/home/toni/.m2/repository/org/springframework/boot/spring-boot-starter-thymeleaf/1.5.7.RELEASE/spring-boot-starter-thymeleaf-1.5.7.RELEASE.jar:/home/toni/.m2/repository/org/thymeleaf/thymeleaf-spring4/2.1.5.RELEASE/thymeleaf-spring4-2.1.5.RELEASE.jar:/home/toni/.m2/repository/org/thymeleaf/thymeleaf/2.1.5.RELEASE/thymeleaf-2.1.5.RELEASE.jar:/home/toni/.m2/repository/ognl/ognl/3.0.8/ognl-3.0.8.jar:/home/toni/.m2/repository/org/unbescape/unbescape/1.1.0.RELEASE/unbescape-1.1.0.RELEASE.jar:/home/toni/.m2/repository/nz/net/ultraq/thymeleaf/thymeleaf-layout-dialect/1.4.0/thymeleaf-layout-dialect-1.4.0.jar:/home/toni/.m2/repository/org/codehaus/groovy/groovy/2.4.12/groovy-2.4.12.jar:/home/toni/.m2/repository/org/springframework/boot/spring-boot-starter-web/1.5.7.RELEASE/spring-boot-starter-web-1.5.7.RELEASE.jar:/home/toni/.m2/repository/org/springframework/boot/spring-boot-starter-tomcat/1.5.7.RELEASE/spring-boot-starter-tomcat-1.5.7.RELEASE.jar:/home/toni/.m2/repository/org/apache/tomcat/embed/tomcat-embed-core/8.5.20/tomcat-embed-core-8.5.20.jar:/home/toni/.m2/repository/org/apache/tomcat/embed/tomcat-embed-el/8.5.20/tomcat-embed-el-8.5.20.jar:/home/toni/.m2/repository/org/apache/tomcat/embed/tomcat-embed-websocket/8.5.20/tomcat-embed-websocket-8.5.20.jar:/home/toni/.m2/repository/org/hibernate/hibernate-validator/5.3.5.Final/hibernate-validator-5.3.5.Final.jar:/home/toni/.m2/repository/javax/validation/validation-api/1.1.0.Final/validation-api-1.1.0.Final.jar:/home/toni/.m2/repository/com/fasterxml/classmate/1.3.4/classmate-1.3.4.jar:/home/toni/.m2/repository/com/fasterxml/jackson/core/jackson-databind/2.8.10/jackson-databind-2.8.10.jar:/home/toni/.m2/repository/com/fasterxml/jackson/core/jackson-annotations/2.8.0/jackson-annotations-2.8.0.jar:/home/toni/.m2/repository/com/fasterxml/jackson/core/jackson-core/2.8.10/jackson-core-2.8.10.jar:/home/toni/.m2/repository/org/springframework/spring-web/4.3.11.RELEASE/spring-web-4.3.11.RELEASE.jar:/home/toni/.m2/repository/org/springframework/spring-webmvc/4.3.11.RELEASE/spring-webmvc-4.3.11.RELEASE.jar:/home/toni/.m2/repository/org/springframework/spring-expression/4.3.11.RELEASE/spring-expression-4.3.11.RELEASE.jar:/home/toni/.m2/repository/org/springframework/boot/spring-boot-devtools/1.5.7.RELEASE/spring-boot-devtools-1.5.7.RELEASE.jar:/home/toni/.m2/repository/org/springframework/boot/spring-boot/1.5.7.RELEASE/spring-boot-1.5.7.RELEASE.jar:/home/toni/.m2/repository/org/springframework/boot/spring-boot-autoconfigure/1.5.7.RELEASE/spring-boot-autoconfigure-1.5.7.RELEASE.jar:/home/toni/.m2/repository/com/h2database/h2/1.4.196/h2-1.4.196.jar:/home/toni/.m2/repository/org/projectlombok/lombok/1.18.10/lombok-1.18.10.jar:/home/toni/.m2/repository/org/springframework/boot/spring-boot-starter-test/1.5.7.RELEASE/spring-boot-starter-test-1.5.7.RELEASE.jar:/home/toni/.m2/repository/org/springframework/boot/spring-boot-test/1.5.7.RELEASE/spring-boot-test-1.5.7.RELEASE.jar:/home/toni/.m2/repository/org/springframework/boot/spring-boot-test-autoconfigure/1.5.7.RELEASE/spring-boot-test-autoconfigure-1.5.7.RELEASE.jar:/home/toni/.m2/repository/com/jayway/jsonpath/json-path/2.2.0/json-path-2.2.0.jar:/home/toni/.m2/repository/net/minidev/json-smart/2.2.1/json-smart-2.2.1.jar:/home/toni/.m2/repository/net/minidev/accessors-smart/1.1/accessors-smart-1.1.jar:/home/toni/.m2/repository/org/ow2/asm/asm/5.0.3/asm-5.0.3.jar:/home/toni/.m2/repository/junit/junit/4.12/junit-4.12.jar:/home/toni/.m2/repository/org/assertj/assertj-core/2.6.0/assertj-core-2.6.0.jar:/home/toni/.m2/repository/org/mockito/mockito-core/1.10.19/mockito-core-1.10.19.jar:/home/toni/.m2/repository/org/objenesis/objenesis/2.1/objenesis-2.1.jar:/home/toni/.m2/repository/org/hamcrest/hamcrest-core/1.3/hamcrest-core-1.3.jar:/home/toni/.m2/repository/org/hamcrest/hamcrest-library/1.3/hamcrest-library-1.3.jar:/home/toni/.m2/repository/org/skyscreamer/jsonassert/1.4.0/jsonassert-1.4.0.jar:/home/toni/.m2/repository/com/vaadin/external/google/android-json/0.0.20131108.vaadin1/android-json-0.0.20131108.vaadin1.jar:/home/toni/.m2/repository/org/springframework/spring-core/4.3.11.RELEASE/spring-core-4.3.11.RELEASE.jar:/home/toni/.m2/repository/org/springframework/spring-test/4.3.11.RELEASE/spring-test-4.3.11.RELEASE.jar:, java.specification.name=Java Platform API Specification, java.class.version=52.0, sun.management.compiler=HotSpot 64-Bit Tiered Compilers, os.version=4.19.0-6-amd64, idea.version2019.3.1=true, user.home=/home/toni, user.timezone=Europe/Madrid, java.awt.printerjob=sun.print.PSPrinterJob, file.encoding=UTF-8, java.specification.version=1.8, java.class.path=/home/toni/eclipse-workspace/recipe/target/test-classes:/home/toni/eclipse-workspace/recipe/target/classes:/home/toni/.m2/repository/org/springframework/boot/spring-boot-starter-data-jpa/1.5.7.RELEASE/spring-boot-starter-data-jpa-1.5.7.RELEASE.jar:/home/toni/.m2/repository/org/springframework/boot/spring-boot-starter/1.5.7.RELEASE/spring-boot-starter-1.5.7.RELEASE.jar:/home/toni/.m2/repository/org/springframework/boot/spring-boot-starter-logging/1.5.7.RELEASE/spring-boot-starter-logging-1.5.7.RELEASE.jar:/home/toni/.m2/repository/ch/qos/logback/logback-classic/1.1.11/logback-classic-1.1.11.jar:/home/toni/.m2/repository/ch/qos/logback/logback-core/1.1.11/logback-core-1.1.11.jar:/home/toni/.m2/repository/org/slf4j/jul-to-slf4j/1.7.25/jul-to-slf4j-1.7.25.jar:/home/toni/.m2/repository/org/slf4j/log4j-over-slf4j/1.7.25/log4j-over-slf4j-1.7.25.jar:/home/toni/.m2/repository/org/yaml/snakeyaml/1.17/snakeyaml-1.17.jar:/home/toni/.m2/repository/org/springframework/boot/spring-boot-starter-aop/1.5.7.RELEASE/spring-boot-starter-aop-1.5.7.RELEASE.jar:/home/toni/.m2/repository/org/springframework/spring-aop/4.3.11.RELEASE/spring-aop-4.3.11.RELEASE.jar:/home/toni/.m2/repository/org/aspectj/aspectjweaver/1.8.10/aspectjweaver-1.8.10.jar:/home/toni/.m2/repository/org/springframework/boot/spring-boot-starter-jdbc/1.5.7.RELEASE/spring-boot-starter-jdbc-1.5.7.RELEASE.jar:/home/toni/.m2/repository/org/apache/tomcat/tomcat-jdbc/8.5.20/tomcat-jdbc-8.5.20.jar:/home/toni/.m2/repository/org/apache/tomcat/tomcat-juli/8.5.20/tomcat-juli-8.5.20.jar:/home/toni/.m2/repository/org/springframework/spring-jdbc/4.3.11.RELEASE/spring-jdbc-4.3.11.RELEASE.jar:/home/toni/.m2/repository/org/hibernate/hibernate-core/5.0.12.Final/hibernate-core-5.0.12.Final.jar:/home/toni/.m2/repository/org/jboss/logging/jboss-logging/3.3.1.Final/jboss-logging-3.3.1.Final.jar:/home/toni/.m2/repository/org/hibernate/javax/persistence/hibernate-jpa-2.1-api/1.0.0.Final/hibernate-jpa-2.1-api-1.0.0.Final.jar:/home/toni/.m2/repository/org/javassist/javassist/3.21.0-GA/javassist-3.21.0-GA.jar:/home/toni/.m2/repository/antlr/antlr/2.7.7/antlr-2.7.7.jar:/home/toni/.m2/repository/org/jboss/jandex/2.0.0.Final/jandex-2.0.0.Final.jar:/home/toni/.m2/repository/dom4j/dom4j/1.6.1/dom4j-1.6.1.jar:/home/toni/.m2/repository/org/hibernate/common/hibernate-commons-annotations/5.0.1.Final/hibernate-commons-annotations-5.0.1.Final.jar:/home/toni/.m2/repository/org/hibernate/hibernate-entitymanager/5.0.12.Final/hibernate-entitymanager-5.0.12.Final.jar:/home/toni/.m2/repository/javax/transaction/javax.transaction-api/1.2/javax.transaction-api-1.2.jar:/home/toni/.m2/repository/org/springframework/data/spring-data-jpa/1.11.7.RELEASE/spring-data-jpa-1.11.7.RELEASE.jar:/home/toni/.m2/repository/org/springframework/data/spring-data-commons/1.13.7.RELEASE/spring-data-commons-1.13.7.RELEASE.jar:/home/toni/.m2/repository/org/springframework/spring-orm/4.3.11.RELEASE/spring-orm-4.3.11.RELEASE.jar:/home/toni/.m2/repository/org/springframework/spring-context/4.3.11.RELEASE/spring-context-4.3.11.RELEASE.jar:/home/toni/.m2/repository/org/springframework/spring-tx/4.3.11.RELEASE/spring-tx-4.3.11.RELEASE.jar:/home/toni/.m2/repository/org/springframework/spring-beans/4.3.11.RELEASE/spring-beans-4.3.11.RELEASE.jar:/home/toni/.m2/repository/org/slf4j/slf4j-api/1.7.25/slf4j-api-1.7.25.jar:/home/toni/.m2/repository/org/slf4j/jcl-over-slf4j/1.7.25/jcl-over-slf4j-1.7.25.jar:/home/toni/.m2/repository/org/springframework/spring-aspects/4.3.11.RELEASE/spring-aspects-4.3.11.RELEASE.jar:/home/toni/.m2/repository/org/springframework/boot/spring-boot-starter-thymeleaf/1.5.7.RELEASE/spring-boot-starter-thymeleaf-1.5.7.RELEASE.jar:/home/toni/.m2/repository/org/thymeleaf/thymeleaf-spring4/2.1.5.RELEASE/thymeleaf-spring4-2.1.5.RELEASE.jar:/home/toni/.m2/repository/org/thymeleaf/thymeleaf/2.1.5.RELEASE/thymeleaf-2.1.5.RELEASE.jar:/home/toni/.m2/repository/ognl/ognl/3.0.8/ognl-3.0.8.jar:/home/toni/.m2/repository/org/unbescape/unbescape/1.1.0.RELEASE/unbescape-1.1.0.RELEASE.jar:/home/toni/.m2/repository/nz/net/ultraq/thymeleaf/thymeleaf-layout-dialect/1.4.0/thymeleaf-layout-dialect-1.4.0.jar:/home/toni/.m2/repository/org/codehaus/groovy/groovy/2.4.12/groovy-2.4.12.jar:/home/toni/.m2/repository/org/springframework/boot/spring-boot-starter-web/1.5.7.RELEASE/spring-boot-starter-web-1.5.7.RELEASE.jar:/home/toni/.m2/repository/org/springframework/boot/spring-boot-starter-tomcat/1.5.7.RELEASE/spring-boot-starter-tomcat-1.5.7.RELEASE.jar:/home/toni/.m2/repository/org/apache/tomcat/embed/tomcat-embed-core/8.5.20/tomcat-embed-core-8.5.20.jar:/home/toni/.m2/repository/org/apache/tomcat/embed/tomcat-embed-el/8.5.20/tomcat-embed-el-8.5.20.jar:/home/toni/.m2/repository/org/apache/tomcat/embed/tomcat-embed-websocket/8.5.20/tomcat-embed-websocket-8.5.20.jar:/home/toni/.m2/repository/org/hibernate/hibernate-validator/5.3.5.Final/hibernate-validator-5.3.5.Final.jar:/home/toni/.m2/repository/javax/validation/validation-api/1.1.0.Final/validation-api-1.1.0.Final.jar:/home/toni/.m2/repository/com/fasterxml/classmate/1.3.4/classmate-1.3.4.jar:/home/toni/.m2/repository/com/fasterxml/jackson/core/jackson-databind/2.8.10/jackson-databind-2.8.10.jar:/home/toni/.m2/repository/com/fasterxml/jackson/core/jackson-annotations/2.8.0/jackson-annotations-2.8.0.jar:/home/toni/.m2/repository/com/fasterxml/jackson/core/jackson-core/2.8.10/jackson-core-2.8.10.jar:/home/toni/.m2/repository/org/springframework/spring-web/4.3.11.RELEASE/spring-web-4.3.11.RELEASE.jar:/home/toni/.m2/repository/org/springframework/spring-webmvc/4.3.11.RELEASE/spring-webmvc-4.3.11.RELEASE.jar:/home/toni/.m2/repository/org/springframework/spring-expression/4.3.11.RELEASE/spring-expression-4.3.11.RELEASE.jar:/home/toni/.m2/repository/org/springframework/boot/spring-boot-devtools/1.5.7.RELEASE/spring-boot-devtools-1.5.7.RELEASE.jar:/home/toni/.m2/repository/org/springframework/boot/spring-boot/1.5.7.RELEASE/spring-boot-1.5.7.RELEASE.jar:/home/toni/.m2/repository/org/springframework/boot/spring-boot-autoconfigure/1.5.7.RELEASE/spring-boot-autoconfigure-1.5.7.RELEASE.jar:/home/toni/.m2/repository/com/h2database/h2/1.4.196/h2-1.4.196.jar:/home/toni/.m2/repository/org/projectlombok/lombok/1.18.10/lombok-1.18.10.jar:/home/toni/.m2/repository/org/springframework/boot/spring-boot-starter-test/1.5.7.RELEASE/spring-boot-starter-test-1.5.7.RELEASE.jar:/home/toni/.m2/repository/org/springframework/boot/spring-boot-test/1.5.7.RELEASE/spring-boot-test-1.5.7.RELEASE.jar:/home/toni/.m2/repository/org/springframework/boot/spring-boot-test-autoconfigure/1.5.7.RELEASE/spring-boot-test-autoconfigure-1.5.7.RELEASE.jar:/home/toni/.m2/repository/com/jayway/jsonpath/json-path/2.2.0/json-path-2.2.0.jar:/home/toni/.m2/repository/net/minidev/json-smart/2.2.1/json-smart-2.2.1.jar:/home/toni/.m2/repository/net/minidev/accessors-smart/1.1/accessors-smart-1.1.jar:/home/toni/.m2/repository/org/ow2/asm/asm/5.0.3/asm-5.0.3.jar:/home/toni/.m2/repository/junit/junit/4.12/junit-4.12.jar:/home/toni/.m2/repository/org/assertj/assertj-core/2.6.0/assertj-core-2.6.0.jar:/home/toni/.m2/repository/org/mockito/mockito-core/1.10.19/mockito-core-1.10.19.jar:/home/toni/.m2/repository/org/objenesis/objenesis/2.1/objenesis-2.1.jar:/home/toni/.m2/repository/org/hamcrest/hamcrest-core/1.3/hamcrest-core-1.3.jar:/home/toni/.m2/repository/org/hamcrest/hamcrest-library/1.3/hamcrest-library-1.3.jar:/home/toni/.m2/repository/org/skyscreamer/jsonassert/1.4.0/jsonassert-1.4.0.jar:/home/toni/.m2/repository/com/vaadin/external/google/android-json/0.0.20131108.vaadin1/android-json-0.0.20131108.vaadin1.jar:/home/toni/.m2/repository/org/springframework/spring-core/4.3.11.RELEASE/spring-core-4.3.11.RELEASE.jar:/home/toni/.m2/repository/org/springframework/spring-test/4.3.11.RELEASE/spring-test-4.3.11.RELEASE.jar:, user.name=toni, java.vm.specification.version=1.8, sun.java.command=/home/toni/eclipse-workspace/recipe/target/surefire/surefirebooter2505397204955252172.jar /home/toni/eclipse-workspace/recipe/target/surefire/surefire5916971560556291938tmp /home/toni/eclipse-workspace/recipe/target/surefire/surefire_06835250585187714677tmp, java.home=/usr/lib/jvm/jdk1.8.0_231/jre, sun.arch.data.model=64, user.language=es, java.specification.vendor=Oracle Corporation, awt.toolkit=sun.awt.X11.XToolkit, java.vm.info=mixed mode, java.version=1.8.0_231, java.ext.dirs=/usr/lib/jvm/jdk1.8.0_231/jre/lib/ext:/usr/java/packages/lib/ext, sun.boot.class.path=/usr/lib/jvm/jdk1.8.0_231/jre/lib/resources.jar:/usr/lib/jvm/jdk1.8.0_231/jre/lib/rt.jar:/usr/lib/jvm/jdk1.8.0_231/jre/lib/sunrsasign.jar:/usr/lib/jvm/jdk1.8.0_231/jre/lib/jsse.jar:/usr/lib/jvm/jdk1.8.0_231/jre/lib/jce.jar:/usr/lib/jvm/jdk1.8.0_231/jre/lib/charsets.jar:/usr/lib/jvm/jdk1.8.0_231/jre/lib/jfr.jar:/usr/lib/jvm/jdk1.8.0_231/jre/classes, java.vendor=Oracle Corporation, localRepository=/home/toni/.m2/repository, file.separator=/, java.vendor.url.bug=http://bugreport.sun.com/bugreport/, sun.io.unicode.encoding=UnicodeLittle, sun.cpu.endian=little, sun.desktop=gnome, sun.cpu.isalist=}}, SystemEnvironmentPropertySource@455538610 {name='systemEnvironment', properties={PATH=/usr/local/bin:/usr/bin:/bin:/usr/local/games:/usr/games, INVOCATION_ID=43fd9a07a7c24e0babe49020269d3e95, XMODIFIERS=@im=ibus, GDMSESSION=gnome, QT_IM_MODULE=ibus, JAVA_HOME=/usr/lib/jvm/jdk1.8.0_231, TERM=xterm-256color, GNOME_TERMINAL_SERVICE=:1.66, LANG=es_ES.UTF-8, DBUS_SESSION_BUS_ADDRESS=unix:path=/run/user/1000/bus,guid=e9df9b631da5ea087a22356d5e25bf0c, XDG_SESSION_ID=2, XDG_SESSION_TYPE=wayland, XDG_CURRENT_DESKTOP=GNOME, DISPLAY=:0, JOURNAL_STREAM=9:28314, WAYLAND_DISPLAY=wayland-0, COLORTERM=truecolor, SESSION_MANAGER=local/equipo-toni:@/tmp/.ICE-unix/1294,unix/equipo-toni:/tmp/.ICE-unix/1294, USERNAME=toni, LOGNAME=toni, PWD=/home/toni/eclipse-workspace/recipe, MANAGERPID=1272, XDG_SESSION_CLASS=user, _=./idea.sh, SHELL=/bin/bash, GDM_LANG=es_ES.UTF-8, GDK_BACKEND=x11, DESKTOP_SESSION=gnome, OLDPWD=/home/toni/eclipse-workspace/recipe, USER=toni, XDG_MENU_PREFIX=gnome-, VTE_VERSION=5402, QT_ACCESSIBILITY=1, GNOME_DESKTOP_SESSION_ID=this-is-deprecated, SSH_AUTH_SOCK=/run/user/1000/keyring/ssh, GNOME_TERMINAL_SCREEN=/org/gnome/Terminal/screen/4e62942d_68cb_4359_a43b_9025ee88a080, GTK_MODULES=, XDG_SEAT=seat0, DBUS_STARTER_ADDRESS=unix:path=/run/user/1000/bus,guid=e9df9b631da5ea087a22356d5e25bf0c, XDG_VTNR=2, LS_COLORS=rs=0:di=01;34:ln=01;36:mh=00:pi=40;33:so=01;35:do=01;35:bd=40;33;01:cd=40;33;01:or=40;31;01:mi=00:su=37;41:sg=30;43:ca=30;41:tw=30;42:ow=34;42:st=37;44:ex=01;32:*.tar=01;31:*.tgz=01;31:*.arc=01;31:*.arj=01;31:*.taz=01;31:*.lha=01;31:*.lz4=01;31:*.lzh=01;31:*.lzma=01;31:*.tlz=01;31:*.txz=01;31:*.tzo=01;31:*.t7z=01;31:*.zip=01;31:*.z=01;31:*.dz=01;31:*.gz=01;31:*.lrz=01;31:*.lz=01;31:*.lzo=01;31:*.xz=01;31:*.zst=01;31:*.tzst=01;31:*.bz2=01;31:*.bz=01;31:*.tbz=01;31:*.tbz2=01;31:*.tz=01;31:*.deb=01;31:*.rpm=01;31:*.jar=01;31:*.war=01;31:*.ear=01;31:*.sar=01;31:*.rar=01;31:*.alz=01;31:*.ace=01;31:*.zoo=01;31:*.cpio=01;31:*.7z=01;31:*.rz=01;31:*.cab=01;31:*.wim=01;31:*.swm=01;31:*.dwm=01;31:*.esd=01;31:*.jpg=01;35:*.jpeg=01;35:*.mjpg=01;35:*.mjpeg=01;35:*.gif=01;35:*.bmp=01;35:*.pbm=01;35:*.pgm=01;35:*.ppm=01;35:*.tga=01;35:*.xbm=01;35:*.xpm=01;35:*.tif=01;35:*.tiff=01;35:*.png=01;35:*.svg=01;35:*.svgz=01;35:*.mng=01;35:*.pcx=01;35:*.mov=01;35:*.mpg=01;35:*.mpeg=01;35:*.m2v=01;35:*.mkv=01;35:*.webm=01;35:*.ogm=01;35:*.mp4=01;35:*.m4v=01;35:*.mp4v=01;35:*.vob=01;35:*.qt=01;35:*.nuv=01;35:*.wmv=01;35:*.asf=01;35:*.rm=01;35:*.rmvb=01;35:*.flc=01;35:*.avi=01;35:*.fli=01;35:*.flv=01;35:*.gl=01;35:*.dl=01;35:*.xcf=01;35:*.xwd=01;35:*.yuv=01;35:*.cgm=01;35:*.emf=01;35:*.ogv=01;35:*.ogx=01;35:*.aac=00;36:*.au=00;36:*.flac=00;36:*.m4a=00;36:*.mid=00;36:*.midi=00;36:*.mka=00;36:*.mp3=00;36:*.mpc=00;36:*.ogg=00;36:*.ra=00;36:*.wav=00;36:*.oga=00;36:*.opus=00;36:*.spx=00;36:*.xspf=00;36:, XDG_SESSION_DESKTOP=gnome, XDG_RUNTIME_DIR=/run/user/1000, DBUS_STARTER_BUS_TYPE=session, HOME=/home/toni, SHLVL=1}}]
18:23:52.892 [main] DEBUG org.springframework.core.io.support.PathMatchingResourcePatternResolver - Resolved classpath location [com/toni/recipe/] to resources [URL [file:/home/toni/eclipse-workspace/recipe/target/test-classes/com/toni/recipe/], URL [file:/home/toni/eclipse-workspace/recipe/target/classes/com/toni/recipe/]]
18:23:52.893 [main] DEBUG org.springframework.core.io.support.PathMatchingResourcePatternResolver - Looking for matching resources in directory tree [/home/toni/eclipse-workspace/recipe/target/test-classes/com/toni/recipe]
18:23:52.894 [main] DEBUG org.springframework.core.io.support.PathMatchingResourcePatternResolver - Searching directory [/home/toni/eclipse-workspace/recipe/target/test-classes/com/toni/recipe] for files matching pattern [/home/toni/eclipse-workspace/recipe/target/test-classes/com/toni/recipe/*.class]
18:23:52.898 [main] DEBUG org.springframework.core.io.support.PathMatchingResourcePatternResolver - Looking for matching resources in directory tree [/home/toni/eclipse-workspace/recipe/target/classes/com/toni/recipe]
18:23:52.898 [main] DEBUG org.springframework.core.io.support.PathMatchingResourcePatternResolver - Searching directory [/home/toni/eclipse-workspace/recipe/target/classes/com/toni/recipe] for files matching pattern [/home/toni/eclipse-workspace/recipe/target/classes/com/toni/recipe/*.class]
18:23:52.900 [main] DEBUG org.springframework.core.io.support.PathMatchingResourcePatternResolver - Resolved location pattern [classpath*:com/toni/recipe/*.class] to resources [file [/home/toni/eclipse-workspace/recipe/target/test-classes/com/toni/recipe/RecipeApplicationTests.class], file [/home/toni/eclipse-workspace/recipe/target/classes/com/toni/recipe/RecipeApplication.class]]
18:23:52.973 [main] DEBUG org.springframework.context.annotation.ClassPathScanningCandidateComponentProvider - Identified candidate component class: file [/home/toni/eclipse-workspace/recipe/target/classes/com/toni/recipe/RecipeApplication.class]
18:23:52.975 [main] INFO org.springframework.boot.test.context.SpringBootTestContextBootstrapper - Found @SpringBootConfiguration com.toni.recipe.RecipeApplication for test class com.toni.recipe.RecipeApplicationTests
18:23:52.991 [main] DEBUG org.springframework.boot.test.context.SpringBootTestContextBootstrapper - @TestExecutionListeners is not present for class [com.toni.recipe.RecipeApplicationTests]: using defaults.
18:23:53.002 [main] INFO org.springframework.boot.test.context.SpringBootTestContextBootstrapper - Loaded default TestExecutionListener class names from location [META-INF/spring.factories]: [org.springframework.boot.test.mock.mockito.MockitoTestExecutionListener, org.springframework.boot.test.mock.mockito.ResetMocksTestExecutionListener, org.springframework.boot.test.autoconfigure.restdocs.RestDocsTestExecutionListener, org.springframework.boot.test.autoconfigure.web.client.MockRestServiceServerResetTestExecutionListener, org.springframework.boot.test.autoconfigure.web.servlet.MockMvcPrintOnlyOnFailureTestExecutionListener, org.springframework.boot.test.autoconfigure.web.servlet.WebDriverTestExecutionListener, org.springframework.test.context.web.ServletTestExecutionListener, org.springframework.test.context.support.DirtiesContextBeforeModesTestExecutionListener, org.springframework.test.context.support.DependencyInjectionTestExecutionListener, org.springframework.test.context.support.DirtiesContextTestExecutionListener, org.springframework.test.context.transaction.TransactionalTestExecutionListener, org.springframework.test.context.jdbc.SqlScriptsTestExecutionListener]
18:23:53.040 [main] INFO org.springframework.boot.test.context.SpringBootTestContextBootstrapper - Using TestExecutionListeners: [org.springframework.test.context.web.ServletTestExecutionListener@2ea6137, org.springframework.test.context.support.DirtiesContextBeforeModesTestExecutionListener@41ee392b, org.springframework.boot.test.autoconfigure.SpringBootDependencyInjectionTestExecutionListener@1e67a849, org.springframework.test.context.support.DirtiesContextTestExecutionListener@57d5872c, org.springframework.test.context.transaction.TransactionalTestExecutionListener@667a738, org.springframework.test.context.jdbc.SqlScriptsTestExecutionListener@36f0f1be, org.springframework.boot.test.autoconfigure.web.client.MockRestServiceServerResetTestExecutionListener@157632c9, org.springframework.boot.test.autoconfigure.web.servlet.WebDriverTestExecutionListener@6ee12bac, org.springframework.boot.test.autoconfigure.restdocs.RestDocsTestExecutionListener@55040f2f, org.springframework.boot.test.mock.mockito.MockitoTestExecutionListener@64c87930, org.springframework.boot.test.mock.mockito.ResetMocksTestExecutionListener@400cff1a, org.springframework.boot.test.autoconfigure.web.servlet.MockMvcPrintOnlyOnFailureTestExecutionListener@275710fc]
18:23:53.044 [main] DEBUG org.springframework.test.annotation.ProfileValueUtils - Retrieved @ProfileValueSourceConfiguration [null] for test class [com.toni.recipe.RecipeApplicationTests]
18:23:53.045 [main] DEBUG org.springframework.test.annotation.ProfileValueUtils - Retrieved ProfileValueSource type [class org.springframework.test.annotation.SystemProfileValueSource] for class [com.toni.recipe.RecipeApplicationTests]
18:23:53.200 [main] DEBUG com.toni.recipe.services.RecipeServiceImpl - I'm in the service
]]></system-out>
  </testcase>
</testsuite>